0 forward  --------------------

Not equal to tolerance rtol=1e-05, atol=1e-05

Mismatched elements: 1924711 / 2097152 (91.8%)
Max absolute difference: 0.00026876
Max relative difference: 0.00052979
 x: array([[[[0.501551, 0.514872, 0.492827, ..., 0.519254, 0.502386,
          0.509583],
         [0.507535, 0.496199, 0.51204 , ..., 0.492653, 0.50049 ,...
 y: array([[[[0.5015, 0.5146, 0.493 , ..., 0.519 , 0.5024, 0.51  ],
         [0.5073, 0.496 , 0.512 , ..., 0.4927, 0.5005, 0.499 ],
         [0.5186, 0.509 , 0.5024, ..., 0.4958, 0.5005, 0.4907],...
0 backward --------------------

Not equal to tolerance rtol=1e-05, atol=1e-05

Mismatched elements: 1983350 / 2097152 (94.6%)
Max absolute difference: 0.00228786
Max relative difference: 0.00182842
 x: array([[[[1.348863, 1.351975, 1.346388, ..., 1.356537, 1.347229,
          1.345257],
         [1.047293, 1.046656, 1.045497, ..., 1.050732, 1.049274,...
 y: array([[[[1.35  , 1.353 , 1.347 , ..., 1.357 , 1.348 , 1.346 ],
         [1.047 , 1.047 , 1.045 , ..., 1.051 , 1.049 , 1.045 ],
         [0.835 , 0.8384, 0.836 , ..., 0.8354, 0.837 , 0.841 ],...
1 forward  --------------------

Not equal to tolerance rtol=1e-05, atol=1e-05

Mismatched elements: 1921418 / 2097152 (91.6%)
Max absolute difference: 0.00027138
Max relative difference: 0.00054223
 x: array([[[[0.504779, 0.505295, 0.504653, ..., 0.501412, 0.508553,
          0.523847],
         [0.493775, 0.519158, 0.506162, ..., 0.494948, 0.492627,...
 y: array([[[[0.505 , 0.5054, 0.505 , ..., 0.5015, 0.509 , 0.524 ],
         [0.494 , 0.519 , 0.5063, ..., 0.4949, 0.4927, 0.5063],
         [0.5044, 0.505 , 0.5024, ..., 0.4905, 0.506 , 0.4968],...
1 backward --------------------

Not equal to tolerance rtol=1e-05, atol=1e-05

Mismatched elements: 1983752 / 2097152 (94.6%)
Max absolute difference: 0.00191331
Max relative difference: 0.00191646
 x: array([[[[0.77998 , 0.777573, 0.778705, ..., 0.773392, 0.784136,
          0.77744 ],
         [1.032596, 1.038475, 1.033756, ..., 1.035735, 1.036647,...
 y: array([[[[0.7803, 0.778 , 0.779 , ..., 0.7734, 0.784 , 0.7773],
         [1.032 , 1.038 , 1.033 , ..., 1.035 , 1.036 , 1.037 ],
         [0.9863, 0.9897, 0.985 , ..., 0.9883, 0.9907, 0.9863],...
2 forward  --------------------

Not equal to tolerance rtol=1e-05, atol=1e-05

Mismatched elements: 1922652 / 2097152 (91.7%)
Max absolute difference: 0.00026828
Max relative difference: 0.00053412
 x: array([[[[0.50847 , 0.512131, 0.501781, ..., 0.502179, 0.519147,
          0.493282],
         [0.507127, 0.502753, 0.492715, ..., 0.501727, 0.510077,...
 y: array([[[[0.5083, 0.512 , 0.502 , ..., 0.502 , 0.519 , 0.4932],
         [0.5073, 0.503 , 0.4927, ..., 0.502 , 0.5103, 0.4875],
         [0.5005, 0.4995, 0.5054, ..., 0.5054, 0.4941, 0.4968],...
2 backward --------------------

Not equal to tolerance rtol=1e-05, atol=1e-05

Mismatched elements: 1983285 / 2097152 (94.6%)
Max absolute difference: 0.00196075
Max relative difference: 0.00202913
 x: array([[[[0.873321, 0.871215, 0.872233, ..., 0.870604, 0.868544,
          0.870068],
         [1.12233 , 1.124253, 1.119974, ..., 1.121974, 1.118471,...
 y: array([[[[0.873 , 0.871 , 0.872 , ..., 0.8706, 0.868 , 0.87  ],
         [1.122 , 1.124 , 1.12  , ..., 1.122 , 1.118 , 1.121 ],
         [1.009 , 1.008 , 1.01  , ..., 1.012 , 1.005 , 1.01  ],...
3 forward  --------------------

Not equal to tolerance rtol=1e-05, atol=1e-05

Mismatched elements: 1924876 / 2097152 (91.8%)
Max absolute difference: 0.000274
Max relative difference: 0.00053957
 x: array([[[[0.50458 , 0.512716, 0.502994, ..., 0.502787, 0.497289,
          0.518235],
         [0.520295, 0.507384, 0.501941, ..., 0.498937, 0.523123,...
 y: array([[[[0.5044, 0.5127, 0.503 , ..., 0.503 , 0.4973, 0.518 ],
         [0.5205, 0.5073, 0.502 , ..., 0.499 , 0.523 , 0.4988],
         [0.4995, 0.5015, 0.5166, ..., 0.4944, 0.4968, 0.4893],...
3 backward --------------------

Not equal to tolerance rtol=1e-05, atol=1e-05

Mismatched elements: 1984851 / 2097152 (94.6%)
Max absolute difference: 0.00188208
Max relative difference: 0.00170321
 x: array([[[[1.359134, 1.360602, 1.358603, ..., 1.357789, 1.352806,
          1.363387],
         [1.443801, 1.432681, 1.430478, ..., 1.431334, 1.444907,...
 y: array([[[[1.359 , 1.36  , 1.358 , ..., 1.357 , 1.353 , 1.363 ],
         [1.443 , 1.433 , 1.431 , ..., 1.432 , 1.445 , 1.432 ],
         [0.7915, 0.7876, 0.7817, ..., 0.792 , 0.7847, 0.7964],...
4 forward  --------------------

Not equal to tolerance rtol=1e-05, atol=1e-05

Mismatched elements: 1923191 / 2097152 (91.7%)
Max absolute difference: 0.00026846
Max relative difference: 0.00053224
 x: array([[[[0.496756, 0.501582, 0.504167, ..., 0.496412, 0.504585,
          0.496239],
         [0.505251, 0.517961, 0.50255 , ..., 0.489818, 0.523912,...
 y: array([[[[0.4968, 0.5015, 0.5044, ..., 0.4963, 0.5044, 0.4963],
         [0.5054, 0.518 , 0.5024, ..., 0.4897, 0.524 , 0.5117],
         [0.4917, 0.5044, 0.501 , ..., 0.5   , 0.4934, 0.4988],...
4 backward --------------------

Not equal to tolerance rtol=1e-05, atol=1e-05

Mismatched elements: 1983852 / 2097152 (94.6%)
Max absolute difference: 0.00199938
Max relative difference: 0.00164938
 x: array([[[[0.976775, 0.979851, 0.979865, ..., 0.982057, 0.980033,
          0.981607],
         [0.947955, 0.949129, 0.95211 , ..., 0.951991, 0.948147,...
 y: array([[[[0.9766, 0.98  , 0.98  , ..., 0.982 , 0.98  , 0.9814],
         [0.9478, 0.949 , 0.952 , ..., 0.952 , 0.948 , 0.9487],
         [0.8237, 0.8184, 0.8203, ..., 0.8223, 0.8203, 0.8223],...
5 forward  --------------------

Not equal to tolerance rtol=1e-05, atol=1e-05

Mismatched elements: 1922732 / 2097152 (91.7%)
Max absolute difference: 0.0002737
Max relative difference: 0.00054634
 x: array([[[[0.487082, 0.513203, 0.48669 , ..., 0.505554, 0.518691,
          0.519247],
         [0.510572, 0.511527, 0.512901, ..., 0.504235, 0.483885,...
 y: array([[[[0.487 , 0.513 , 0.4866, ..., 0.5054, 0.5186, 0.519 ],
         [0.5107, 0.5117, 0.5127, ..., 0.5044, 0.484 , 0.514 ],
         [0.5005, 0.5024, 0.4949, ..., 0.5005, 0.4973, 0.5093],...
5 backward --------------------

Not equal to tolerance rtol=1e-05, atol=1e-05

Mismatched elements: 1983230 / 2097152 (94.6%)
Max absolute difference: 0.00196123
Max relative difference: 0.00178799
 x: array([[[[0.538268, 0.523291, 0.532287, ..., 0.520413, 0.526155,
          0.516552],
         [0.695685, 0.69243 , 0.692858, ..., 0.701006, 0.703215,...
 y: array([[[[0.538 , 0.5234, 0.532 , ..., 0.5205, 0.526 , 0.5166],
         [0.6953, 0.6924, 0.6924, ..., 0.7007, 0.703 , 0.696 ],
         [0.8926, 0.891 , 0.8896, ..., 0.887 , 0.89  , 0.8896],...
6 forward  --------------------

Not equal to tolerance rtol=1e-05, atol=1e-05

Mismatched elements: 1922600 / 2097152 (91.7%)
Max absolute difference: 0.00027084
Max relative difference: 0.00053373
 x: array([[[[0.519781, 0.505193, 0.508815, ..., 0.501669, 0.496023,
          0.487434],
         [0.517305, 0.525773, 0.513611, ..., 0.501316, 0.51439 ,...
 y: array([[[[0.52  , 0.5054, 0.509 , ..., 0.5015, 0.496 , 0.4875],
         [0.517 , 0.526 , 0.5137, ..., 0.5015, 0.514 , 0.5127],
         [0.4844, 0.5103, 0.52  , ..., 0.531 , 0.501 , 0.4885],...
6 backward --------------------

Not equal to tolerance rtol=1e-05, atol=1e-05

Mismatched elements: 1984616 / 2097152 (94.6%)
Max absolute difference: 0.00189376
Max relative difference: 0.00173295
 x: array([[[[0.864622, 0.870436, 0.871239, ..., 0.86935 , 0.872734,
          0.869272],
         [1.066224, 1.065812, 1.063463, ..., 1.065935, 1.066204,...
 y: array([[[[0.8643, 0.87  , 0.871 , ..., 0.869 , 0.8726, 0.869 ],
         [1.066 , 1.065 , 1.063 , ..., 1.065 , 1.066 , 1.067 ],
         [1.267 , 1.275 , 1.28  , ..., 1.279 , 1.278 , 1.273 ],...
7 forward  --------------------

Not equal to tolerance rtol=1e-05, atol=1e-05

Mismatched elements: 1924738 / 2097152 (91.8%)
Max absolute difference: 0.00027144
Max relative difference: 0.00053375
 x: array([[[[0.502083, 0.484594, 0.514669, ..., 0.507167, 0.486066,
          0.4892  ],
         [0.488192, 0.502515, 0.512411, ..., 0.511034, 0.489123,...
 y: array([[[[0.502 , 0.4846, 0.5146, ..., 0.5073, 0.486 , 0.4893],
         [0.4883, 0.5024, 0.512 , ..., 0.511 , 0.489 , 0.4998],
         [0.497 , 0.509 , 0.501 , ..., 0.508 , 0.503 , 0.506 ],...
7 backward --------------------

Not equal to tolerance rtol=1e-05, atol=1e-05

Mismatched elements: 1983976 / 2097152 (94.6%)
Max absolute difference: 0.0019269
Max relative difference: 0.00189034
 x: array([[[[1.406893, 1.39838 , 1.407934, ..., 1.407825, 1.397077,
          1.397676],
         [0.874842, 0.875338, 0.872868, ..., 0.872951, 0.877323,...
 y: array([[[[1.407 , 1.398 , 1.408 , ..., 1.408 , 1.397 , 1.398 ],
         [0.875 , 0.8755, 0.873 , ..., 0.873 , 0.8774, 0.874 ],
         [0.821 , 0.8193, 0.822 , ..., 0.8203, 0.82  , 0.823 ],...
8 forward  --------------------

Not equal to tolerance rtol=1e-05, atol=1e-05

Mismatched elements: 1920585 / 2097152 (91.6%)
Max absolute difference: 0.00027186
Max relative difference: 0.00053127
 x: array([[[[0.485301, 0.501523, 0.489105, ..., 0.505986, 0.492404,
          0.504576],
         [0.488577, 0.494155, 0.504036, ..., 0.520658, 0.516471,...
 y: array([[[[0.4854, 0.5015, 0.489 , ..., 0.506 , 0.4924, 0.5044],
         [0.4885, 0.4941, 0.504 , ..., 0.5205, 0.5166, 0.503 ],
         [0.509 , 0.4985, 0.5146, ..., 0.5117, 0.5005, 0.5146],...
8 backward --------------------

Not equal to tolerance rtol=1e-05, atol=1e-05

Mismatched elements: 1983669 / 2097152 (94.6%)
Max absolute difference: 0.00197935
Max relative difference: 0.00223582
 x: array([[[[1.194418, 1.196515, 1.199087, ..., 1.194664, 1.19683 ,
          1.197519],
         [1.139437, 1.135095, 1.137645, ..., 1.145492, 1.146291,...
 y: array([[[[1.194 , 1.196 , 1.199 , ..., 1.194 , 1.197 , 1.197 ],
         [1.14  , 1.135 , 1.138 , ..., 1.1455, 1.146 , 1.138 ],
         [1.34  , 1.342 , 1.35  , ..., 1.351 , 1.346 , 1.346 ],...
9 forward  --------------------

Not equal to tolerance rtol=1e-05, atol=1e-05

Mismatched elements: 1922080 / 2097152 (91.7%)
Max absolute difference: 0.00026965
Max relative difference: 0.00053616
 x: array([[[[0.491816, 0.497243, 0.521515, ..., 0.512466, 0.498551,
          0.494747],
         [0.492939, 0.50702 , 0.511075, ..., 0.506157, 0.506462,...
 y: array([[[[0.492 , 0.4973, 0.5215, ..., 0.5127, 0.4985, 0.4949],
         [0.493 , 0.507 , 0.511 , ..., 0.5063, 0.5063, 0.4934],
         [0.507 , 0.4983, 0.4963, ..., 0.526 , 0.514 , 0.5244],...
9 backward --------------------

Not equal to tolerance rtol=1e-05, atol=1e-05

Mismatched elements: 1984131 / 2097152 (94.6%)
Max absolute difference: 0.00202227
Max relative difference: 0.00163426
 x: array([[[[0.776793, 0.779364, 0.771267, ..., 0.781201, 0.776536,
          0.778896],
         [0.823596, 0.822602, 0.827009, ..., 0.825076, 0.82166 ,...
 y: array([[[[0.777 , 0.7793, 0.771 , ..., 0.7812, 0.7764, 0.779 ],
         [0.8237, 0.8228, 0.827 , ..., 0.825 , 0.822 , 0.8296],
         [0.8477, 0.8477, 0.8486, ..., 0.8433, 0.8447, 0.845 ],...
