0 forward  --------------------

Not equal to tolerance rtol=1e-05, atol=1e-05

Mismatched elements: 1924435 / 2097152 (91.8%)
Max absolute difference: 0.00026834
Max relative difference: 0.00053149
 x: array([[[[0.50156 , 0.514879, 0.492832, ..., 0.51926 , 0.502387,
          0.509595],
         [0.507534, 0.496206, 0.512041, ..., 0.49266 , 0.500495,...
 y: array([[[[0.5015, 0.5146, 0.493 , ..., 0.519 , 0.5024, 0.51  ],
         [0.5073, 0.496 , 0.512 , ..., 0.4927, 0.5005, 0.499 ],
         [0.5186, 0.509 , 0.5024, ..., 0.4958, 0.5005, 0.4907],...
0 backward --------------------

Not equal to tolerance rtol=1e-05, atol=1e-05

Mismatched elements: 1992035 / 2097152 (95%)
Max absolute difference: 0.00238895
Max relative difference: 0.00187913
 x: array([[[[1.348975, 1.352086, 1.3465  , ..., 1.356647, 1.347337,
          1.345373],
         [1.047201, 1.046565, 1.045403, ..., 1.050643, 1.049183,...
 y: array([[[[1.35  , 1.353 , 1.347 , ..., 1.357 , 1.348 , 1.346 ],
         [1.047 , 1.047 , 1.045 , ..., 1.051 , 1.049 , 1.045 ],
         [0.835 , 0.8384, 0.836 , ..., 0.8354, 0.837 , 0.841 ],...
1 forward  --------------------

Not equal to tolerance rtol=1e-05, atol=1e-05

Mismatched elements: 1921826 / 2097152 (91.6%)
Max absolute difference: 0.00026435
Max relative difference: 0.00052497
 x: array([[[[0.504787, 0.505299, 0.504656, ..., 0.501418, 0.508557,
          0.523855],
         [0.49378 , 0.519173, 0.506171, ..., 0.494956, 0.492638,...
 y: array([[[[0.505 , 0.5054, 0.505 , ..., 0.5015, 0.509 , 0.524 ],
         [0.494 , 0.519 , 0.5063, ..., 0.4949, 0.4927, 0.5063],
         [0.5044, 0.505 , 0.5024, ..., 0.4905, 0.506 , 0.4968],...
1 backward --------------------

Not equal to tolerance rtol=1e-05, atol=1e-05

Mismatched elements: 1991943 / 2097152 (95%)
Max absolute difference: 0.0021565
Max relative difference: 0.00188795
 x: array([[[[0.780035, 0.777635, 0.778763, ..., 0.773449, 0.784194,
          0.777501],
         [1.032518, 1.038396, 1.033679, ..., 1.035659, 1.03657 ,...
 y: array([[[[0.7803, 0.778 , 0.779 , ..., 0.7734, 0.784 , 0.7773],
         [1.032 , 1.038 , 1.033 , ..., 1.035 , 1.036 , 1.037 ],
         [0.9863, 0.9897, 0.985 , ..., 0.9883, 0.9907, 0.9863],...
2 forward  --------------------

Not equal to tolerance rtol=1e-05, atol=1e-05

Mismatched elements: 1923032 / 2097152 (91.7%)
Max absolute difference: 0.00026441
Max relative difference: 0.00052532
 x: array([[[[0.508471, 0.512133, 0.501779, ..., 0.502178, 0.51914 ,
          0.493279],
         [0.507128, 0.502763, 0.49272 , ..., 0.501733, 0.51008 ,...
 y: array([[[[0.5083, 0.512 , 0.502 , ..., 0.502 , 0.519 , 0.4932],
         [0.5073, 0.503 , 0.4927, ..., 0.502 , 0.5103, 0.4875],
         [0.5005, 0.4995, 0.5054, ..., 0.5054, 0.4941, 0.4968],...
2 backward --------------------

Not equal to tolerance rtol=1e-05, atol=1e-05

Mismatched elements: 1991662 / 2097152 (95%)
Max absolute difference: 0.0022006
Max relative difference: 0.00197827
 x: array([[[[0.87323 , 0.871124, 0.872145, ..., 0.870515, 0.868451,
          0.869977],
         [1.122551, 1.124473, 1.120194, ..., 1.122199, 1.118692,...
 y: array([[[[0.873 , 0.871 , 0.872 , ..., 0.8706, 0.868 , 0.87  ],
         [1.122 , 1.124 , 1.12  , ..., 1.122 , 1.118 , 1.121 ],
         [1.009 , 1.008 , 1.01  , ..., 1.012 , 1.005 , 1.009 ],...
3 forward  --------------------

Not equal to tolerance rtol=1e-05, atol=1e-05

Mismatched elements: 1925223 / 2097152 (91.8%)
Max absolute difference: 0.00026506
Max relative difference: 0.00052953
 x: array([[[[0.504586, 0.51272 , 0.502989, ..., 0.502792, 0.497298,
          0.518242],
         [0.520311, 0.507392, 0.501957, ..., 0.498951, 0.523138,...
 y: array([[[[0.5044, 0.5127, 0.503 , ..., 0.503 , 0.4973, 0.518 ],
         [0.5205, 0.5073, 0.502 , ..., 0.499 , 0.523 , 0.4988],
         [0.4995, 0.5015, 0.5166, ..., 0.4944, 0.4968, 0.4893],...
3 backward --------------------

Not equal to tolerance rtol=1e-05, atol=1e-05

Mismatched elements: 1992495 / 2097152 (95%)
Max absolute difference: 0.00229621
Max relative difference: 0.00185428
 x: array([[[[1.358854, 1.360319, 1.358319, ..., 1.357507, 1.352531,
          1.363102],
         [1.443835, 1.432714, 1.43051 , ..., 1.431368, 1.444939,...
 y: array([[[[1.359 , 1.36  , 1.358 , ..., 1.357 , 1.353 , 1.363 ],
         [1.443 , 1.433 , 1.431 , ..., 1.432 , 1.445 , 1.432 ],
         [0.7915, 0.7876, 0.7817, ..., 0.792 , 0.7847, 0.7964],...
4 forward  --------------------

Not equal to tolerance rtol=1e-05, atol=1e-05

Mismatched elements: 1923460 / 2097152 (91.7%)
Max absolute difference: 0.00026578
Max relative difference: 0.00052287
 x: array([[[[0.496765, 0.501589, 0.504178, ..., 0.496422, 0.50459 ,
          0.496244],
         [0.505256, 0.51797 , 0.502559, ..., 0.489831, 0.523917,...
 y: array([[[[0.4968, 0.5015, 0.5044, ..., 0.4963, 0.5044, 0.4963],
         [0.5054, 0.518 , 0.5024, ..., 0.4897, 0.524 , 0.5117],
         [0.4917, 0.5044, 0.501 , ..., 0.5   , 0.4934, 0.4988],...
4 backward --------------------

Not equal to tolerance rtol=1e-05, atol=1e-05

Mismatched elements: 1991431 / 2097152 (95%)
Max absolute difference: 0.0024066
Max relative difference: 0.00160689
 x: array([[[[0.976791, 0.979866, 0.979879, ..., 0.982072, 0.980046,
          0.981622],
         [0.948021, 0.949198, 0.952178, ..., 0.952057, 0.948214,...
 y: array([[[[0.9766, 0.98  , 0.98  , ..., 0.982 , 0.98  , 0.9814],
         [0.9478, 0.949 , 0.952 , ..., 0.952 , 0.948 , 0.9487],
         [0.8237, 0.8184, 0.8203, ..., 0.8223, 0.8203, 0.8223],...
5 forward  --------------------

Not equal to tolerance rtol=1e-05, atol=1e-05

Mismatched elements: 1922963 / 2097152 (91.7%)
Max absolute difference: 0.00026417
Max relative difference: 0.00052087
 x: array([[[[0.487085, 0.5132  , 0.486696, ..., 0.505561, 0.518694,
          0.519254],
         [0.510581, 0.511535, 0.512906, ..., 0.504244, 0.483886,...
 y: array([[[[0.487 , 0.513 , 0.4866, ..., 0.5054, 0.5186, 0.519 ],
         [0.5107, 0.5117, 0.5127, ..., 0.5044, 0.484 , 0.514 ],
         [0.5005, 0.5024, 0.4949, ..., 0.5005, 0.4973, 0.5093],...
5 backward --------------------

Not equal to tolerance rtol=1e-05, atol=1e-05

Mismatched elements: 1991987 / 2097152 (95%)
Max absolute difference: 0.00210738
Max relative difference: 0.00152395
 x: array([[[[0.538139, 0.523162, 0.532161, ..., 0.520286, 0.526025,
          0.516419],
         [0.695766, 0.692512, 0.69294 , ..., 0.701089, 0.703298,...
 y: array([[[[0.538 , 0.5234, 0.532 , ..., 0.5205, 0.526 , 0.5166],
         [0.6953, 0.6924, 0.6924, ..., 0.7007, 0.703 , 0.696 ],
         [0.8926, 0.891 , 0.8896, ..., 0.887 , 0.89  , 0.8896],...
6 forward  --------------------

Not equal to tolerance rtol=1e-05, atol=1e-05

Mismatched elements: 1922856 / 2097152 (91.7%)
Max absolute difference: 0.00026315
Max relative difference: 0.00052034
 x: array([[[[0.51978 , 0.505197, 0.50882 , ..., 0.501673, 0.496023,
          0.487446],
         [0.517315, 0.525783, 0.51362 , ..., 0.501321, 0.514398,...
 y: array([[[[0.52  , 0.5054, 0.509 , ..., 0.5015, 0.496 , 0.4875],
         [0.517 , 0.526 , 0.5137, ..., 0.5015, 0.514 , 0.5127],
         [0.4844, 0.5103, 0.52  , ..., 0.531 , 0.501 , 0.4885],...
6 backward --------------------

Not equal to tolerance rtol=1e-05, atol=1e-05

Mismatched elements: 1992252 / 2097152 (95%)
Max absolute difference: 0.00217462
Max relative difference: 0.00174031
 x: array([[[[0.864615, 0.870425, 0.871229, ..., 0.86934 , 0.872723,
          0.869262],
         [1.066171, 1.065756, 1.063408, ..., 1.06588 , 1.06615 ,...
 y: array([[[[0.8643, 0.87  , 0.871 , ..., 0.869 , 0.8726, 0.869 ],
         [1.066 , 1.065 , 1.063 , ..., 1.065 , 1.066 , 1.067 ],
         [1.267 , 1.275 , 1.28  , ..., 1.279 , 1.278 , 1.273 ],...
7 forward  --------------------

Not equal to tolerance rtol=1e-05, atol=1e-05

Mismatched elements: 1925012 / 2097152 (91.8%)
Max absolute difference: 0.0002653
Max relative difference: 0.00052854
 x: array([[[[0.502094, 0.484597, 0.514672, ..., 0.507176, 0.486081,
          0.489211],
         [0.488194, 0.502519, 0.512427, ..., 0.511036, 0.489127,...
 y: array([[[[0.502 , 0.4846, 0.5146, ..., 0.5073, 0.486 , 0.4893],
         [0.4883, 0.5024, 0.512 , ..., 0.511 , 0.489 , 0.4998],
         [0.497 , 0.509 , 0.501 , ..., 0.508 , 0.503 , 0.506 ],...
7 backward --------------------

Not equal to tolerance rtol=1e-05, atol=1e-05

Mismatched elements: 1992096 / 2097152 (95%)
Max absolute difference: 0.00217199
Max relative difference: 0.00195302
 x: array([[[[1.406921, 1.398402, 1.407956, ..., 1.407849, 1.397104,
          1.3977  ],
         [0.874808, 0.875303, 0.872833, ..., 0.872919, 0.877289,...
 y: array([[[[1.407 , 1.398 , 1.408 , ..., 1.408 , 1.397 , 1.398 ],
         [0.875 , 0.8755, 0.873 , ..., 0.873 , 0.8774, 0.874 ],
         [0.821 , 0.8193, 0.822 , ..., 0.8203, 0.82  , 0.823 ],...
8 forward  --------------------

Not equal to tolerance rtol=1e-05, atol=1e-05

Mismatched elements: 1920857 / 2097152 (91.6%)
Max absolute difference: 0.000265
Max relative difference: 0.00052615
 x: array([[[[0.485319, 0.501527, 0.489118, ..., 0.505993, 0.492414,
          0.504584],
         [0.488588, 0.49415 , 0.504037, ..., 0.520658, 0.516472,...
 y: array([[[[0.4854, 0.5015, 0.489 , ..., 0.506 , 0.4924, 0.5044],
         [0.4885, 0.4941, 0.504 , ..., 0.5205, 0.5166, 0.503 ],
         [0.509 , 0.4985, 0.5146, ..., 0.5117, 0.5005, 0.5146],...
8 backward --------------------

Not equal to tolerance rtol=1e-05, atol=1e-05

Mismatched elements: 1991603 / 2097152 (95%)
Max absolute difference: 0.0023222
Max relative difference: 0.00245512
 x: array([[[[1.194614, 1.196709, 1.199283, ..., 1.194859, 1.197024,
          1.197715],
         [1.139623, 1.135284, 1.137837, ..., 1.145682, 1.14648 ,...
 y: array([[[[1.194 , 1.196 , 1.199 , ..., 1.194 , 1.197 , 1.197 ],
         [1.14  , 1.135 , 1.138 , ..., 1.1455, 1.146 , 1.138 ],
         [1.34  , 1.342 , 1.35  , ..., 1.351 , 1.346 , 1.346 ],...
9 forward  --------------------

Not equal to tolerance rtol=1e-05, atol=1e-05

Mismatched elements: 1922020 / 2097152 (91.6%)
Max absolute difference: 0.00026286
Max relative difference: 0.00051644
 x: array([[[[0.49182 , 0.497253, 0.521514, ..., 0.512474, 0.49856 ,
          0.494755],
         [0.492945, 0.507015, 0.511082, ..., 0.506153, 0.506467,...
 y: array([[[[0.492 , 0.4973, 0.5215, ..., 0.5127, 0.4985, 0.4949],
         [0.493 , 0.507 , 0.511 , ..., 0.5063, 0.5063, 0.4934],
         [0.507 , 0.4983, 0.4963, ..., 0.526 , 0.514 , 0.5244],...
9 backward --------------------

Not equal to tolerance rtol=1e-05, atol=1e-05

Mismatched elements: 1992092 / 2097152 (95%)
Max absolute difference: 0.00243211
Max relative difference: 0.00165424
 x: array([[[[0.776866, 0.779436, 0.771343, ..., 0.781275, 0.776609,
          0.778967],
         [0.823518, 0.822523, 0.82693 , ..., 0.824998, 0.821581,...
 y: array([[[[0.777 , 0.7793, 0.771 , ..., 0.7812, 0.7764, 0.779 ],
         [0.8237, 0.8228, 0.827 , ..., 0.825 , 0.822 , 0.8296],
         [0.8477, 0.8477, 0.8486, ..., 0.8433, 0.8447, 0.845 ],...
